{"X:\\Learning\\Web Dev\\Projects\\ai-task-manager-backend\\src\\server.js": {"path":"X:\\Learning\\Web Dev\\Projects\\ai-task-manager-backend\\src\\server.js","statementMap":{"0":{"start":{"line":1,"column":16},"end":{"line":1,"column":34}},"1":{"start":{"line":2,"column":13},"end":{"line":2,"column":28}},"2":{"start":{"line":3,"column":13},"end":{"line":3,"column":28}},"3":{"start":{"line":4,"column":19},"end":{"line":4,"column":39}},"4":{"start":{"line":5,"column":12},"end":{"line":5,"column":35}},"5":{"start":{"line":6,"column":15},"end":{"line":6,"column":40}},"6":{"start":{"line":8,"column":0},"end":{"line":11,"column":1}},"7":{"start":{"line":9,"column":20},"end":{"line":9,"column":42}},"8":{"start":{"line":10,"column":2},"end":{"line":10,"column":14}},"9":{"start":{"line":14,"column":12},"end":{"line":14,"column":21}},"10":{"start":{"line":15,"column":15},"end":{"line":15,"column":37}},"11":{"start":{"line":18,"column":11},"end":{"line":23,"column":2}},"12":{"start":{"line":26,"column":0},"end":{"line":26,"column":18}},"13":{"start":{"line":29,"column":12},"end":{"line":29,"column":35}},"14":{"start":{"line":30,"column":0},"end":{"line":44,"column":3}},"15":{"start":{"line":32,"column":16},"end":{"line":32,"column":44}},"16":{"start":{"line":33,"column":2},"end":{"line":35,"column":3}},"17":{"start":{"line":34,"column":4},"end":{"line":34,"column":73}},"18":{"start":{"line":37,"column":2},"end":{"line":43,"column":3}},"19":{"start":{"line":38,"column":20},"end":{"line":38,"column":61}},"20":{"start":{"line":39,"column":4},"end":{"line":39,"column":26}},"21":{"start":{"line":40,"column":4},"end":{"line":40,"column":11}},"22":{"start":{"line":42,"column":4},"end":{"line":42,"column":73}},"23":{"start":{"line":47,"column":0},"end":{"line":47,"column":16}},"24":{"start":{"line":48,"column":0},"end":{"line":48,"column":24}},"25":{"start":{"line":49,"column":0},"end":{"line":49,"column":48}},"26":{"start":{"line":50,"column":21},"end":{"line":50,"column":45}},"27":{"start":{"line":51,"column":0},"end":{"line":51,"column":24}},"28":{"start":{"line":54,"column":34},"end":{"line":54,"column":70}},"29":{"start":{"line":55,"column":0},"end":{"line":55,"column":29}},"30":{"start":{"line":56,"column":0},"end":{"line":56,"column":31}},"31":{"start":{"line":59,"column":0},"end":{"line":59,"column":47}},"32":{"start":{"line":60,"column":0},"end":{"line":60,"column":49}},"33":{"start":{"line":61,"column":0},"end":{"line":61,"column":55}},"34":{"start":{"line":62,"column":0},"end":{"line":62,"column":43}},"35":{"start":{"line":65,"column":0},"end":{"line":67,"column":3}},"36":{"start":{"line":66,"column":2},"end":{"line":66,"column":73}},"37":{"start":{"line":70,"column":31},"end":{"line":70,"column":61}},"38":{"start":{"line":71,"column":0},"end":{"line":71,"column":28}},"39":{"start":{"line":74,"column":0},"end":{"line":80,"column":3}},"40":{"start":{"line":75,"column":2},"end":{"line":75,"column":48}},"41":{"start":{"line":77,"column":2},"end":{"line":79,"column":5}},"42":{"start":{"line":78,"column":4},"end":{"line":78,"column":51}},"43":{"start":{"line":82,"column":13},"end":{"line":82,"column":21}},"44":{"start":{"line":84,"column":0},"end":{"line":88,"column":1}},"45":{"start":{"line":85,"column":2},"end":{"line":87,"column":5}},"46":{"start":{"line":86,"column":4},"end":{"line":86,"column":53}},"47":{"start":{"line":90,"column":0},"end":{"line":90,"column":21}}},"fnMap":{"0":{"name":"(anonymous_0)","decl":{"start":{"line":30,"column":7},"end":{"line":30,"column":8}},"loc":{"start":{"line":30,"column":25},"end":{"line":44,"column":1}},"line":30},"1":{"name":"(anonymous_1)","decl":{"start":{"line":65,"column":13},"end":{"line":65,"column":14}},"loc":{"start":{"line":65,"column":27},"end":{"line":67,"column":1}},"line":65},"2":{"name":"(anonymous_2)","decl":{"start":{"line":74,"column":20},"end":{"line":74,"column":21}},"loc":{"start":{"line":74,"column":32},"end":{"line":80,"column":1}},"line":74},"3":{"name":"(anonymous_3)","decl":{"start":{"line":77,"column":26},"end":{"line":77,"column":27}},"loc":{"start":{"line":77,"column":32},"end":{"line":79,"column":3}},"line":77},"4":{"name":"(anonymous_4)","decl":{"start":{"line":85,"column":22},"end":{"line":85,"column":23}},"loc":{"start":{"line":85,"column":28},"end":{"line":87,"column":3}},"line":85}},"branchMap":{"0":{"loc":{"start":{"line":8,"column":0},"end":{"line":11,"column":1}},"type":"if","locations":[{"start":{"line":8,"column":0},"end":{"line":11,"column":1}},{"start":{},"end":{}}],"line":8},"1":{"loc":{"start":{"line":33,"column":2},"end":{"line":35,"column":3}},"type":"if","locations":[{"start":{"line":33,"column":2},"end":{"line":35,"column":3}},{"start":{},"end":{}}],"line":33},"2":{"loc":{"start":{"line":84,"column":0},"end":{"line":88,"column":1}},"type":"if","locations":[{"start":{"line":84,"column":0},"end":{"line":88,"column":1}},{"start":{},"end":{}}],"line":84}},"s":{"0":2,"1":2,"2":2,"3":2,"4":2,"5":2,"6":2,"7":0,"8":0,"9":2,"10":2,"11":2,"12":2,"13":2,"14":2,"15":0,"16":0,"17":0,"18":0,"19":0,"20":0,"21":0,"22":0,"23":2,"24":2,"25":2,"26":2,"27":2,"28":2,"29":2,"30":2,"31":2,"32":2,"33":2,"34":2,"35":2,"36":0,"37":2,"38":2,"39":2,"40":0,"41":0,"42":0,"43":2,"44":2,"45":0,"46":0,"47":2},"f":{"0":0,"1":0,"2":0,"3":0,"4":0},"b":{"0":[0,2],"1":[0,0],"2":[0,2]},"_coverageSchema":"1a1c01bbd47fc00a2c39e90264f33305004495a9","hash":"e4044f08316d940912b94e804714efa281cb04be"}
,"X:\\Learning\\Web Dev\\Projects\\ai-task-manager-backend\\src\\config\\env.js": {"path":"X:\\Learning\\Web Dev\\Projects\\ai-task-manager-backend\\src\\config\\env.js","statementMap":{"0":{"start":{"line":1,"column":15},"end":{"line":1,"column":32}},"1":{"start":{"line":4,"column":0},"end":{"line":4,"column":16}},"2":{"start":{"line":6,"column":12},"end":{"line":11,"column":1}},"3":{"start":{"line":13,"column":0},"end":{"line":13,"column":21}}},"fnMap":{},"branchMap":{"0":{"loc":{"start":{"line":7,"column":8},"end":{"line":7,"column":32}},"type":"binary-expr","locations":[{"start":{"line":7,"column":8},"end":{"line":7,"column":24}},{"start":{"line":7,"column":28},"end":{"line":7,"column":32}}],"line":7},"1":{"loc":{"start":{"line":8,"column":11},"end":{"line":8,"column":48}},"type":"binary-expr","locations":[{"start":{"line":8,"column":11},"end":{"line":8,"column":31}},{"start":{"line":8,"column":35},"end":{"line":8,"column":48}}],"line":8}},"s":{"0":2,"1":2,"2":2,"3":2},"f":{},"b":{"0":[2,0],"1":[2,0]},"_coverageSchema":"1a1c01bbd47fc00a2c39e90264f33305004495a9","hash":"73e17a829f3e5443d80bc65da4ca1a1d79019d9e"}
,"X:\\Learning\\Web Dev\\Projects\\ai-task-manager-backend\\src\\controllers\\aiController.js": {"path":"X:\\Learning\\Web Dev\\Projects\\ai-task-manager-backend\\src\\controllers\\aiController.js","statementMap":{"0":{"start":{"line":1,"column":13},"end":{"line":1,"column":38}},"1":{"start":{"line":2,"column":16},"end":{"line":2,"column":44}},"2":{"start":{"line":3,"column":17},"end":{"line":3,"column":45}},"3":{"start":{"line":8,"column":25},"end":{"line":40,"column":1}},"4":{"start":{"line":9,"column":2},"end":{"line":39,"column":3}},"5":{"start":{"line":10,"column":23},"end":{"line":10,"column":61}},"6":{"start":{"line":11,"column":4},"end":{"line":13,"column":5}},"7":{"start":{"line":12,"column":6},"end":{"line":12,"column":65}},"8":{"start":{"line":16,"column":24},"end":{"line":16,"column":66}},"9":{"start":{"line":17,"column":24},"end":{"line":17,"column":68}},"10":{"start":{"line":20,"column":29},"end":{"line":27,"column":7}},"11":{"start":{"line":20,"column":57},"end":{"line":27,"column":5}},"12":{"start":{"line":30,"column":25},"end":{"line":30,"column":64}},"13":{"start":{"line":33,"column":15},"end":{"line":33,"column":32}},"14":{"start":{"line":34,"column":4},"end":{"line":34,"column":91}},"15":{"start":{"line":36,"column":4},"end":{"line":36,"column":39}},"16":{"start":{"line":38,"column":4},"end":{"line":38,"column":16}},"17":{"start":{"line":45,"column":20},"end":{"line":59,"column":1}},"18":{"start":{"line":46,"column":2},"end":{"line":58,"column":3}},"19":{"start":{"line":47,"column":31},"end":{"line":47,"column":39}},"20":{"start":{"line":49,"column":4},"end":{"line":51,"column":5}},"21":{"start":{"line":50,"column":6},"end":{"line":50,"column":89}},"22":{"start":{"line":53,"column":21},"end":{"line":53,"column":63}},"23":{"start":{"line":55,"column":4},"end":{"line":55,"column":35}},"24":{"start":{"line":57,"column":4},"end":{"line":57,"column":16}},"25":{"start":{"line":64,"column":24},"end":{"line":89,"column":1}},"26":{"start":{"line":65,"column":2},"end":{"line":88,"column":3}},"27":{"start":{"line":67,"column":17},"end":{"line":67,"column":95}},"28":{"start":{"line":68,"column":4},"end":{"line":70,"column":5}},"29":{"start":{"line":69,"column":6},"end":{"line":69,"column":65}},"30":{"start":{"line":72,"column":27},"end":{"line":72,"column":127}},"31":{"start":{"line":75,"column":23},"end":{"line":75,"column":105}},"32":{"start":{"line":78,"column":4},"end":{"line":81,"column":6}},"33":{"start":{"line":83,"column":4},"end":{"line":83,"column":22}},"34":{"start":{"line":85,"column":4},"end":{"line":85,"column":37}},"35":{"start":{"line":87,"column":4},"end":{"line":87,"column":16}},"36":{"start":{"line":94,"column":26},"end":{"line":122,"column":1}},"37":{"start":{"line":95,"column":2},"end":{"line":121,"column":3}},"38":{"start":{"line":96,"column":33},"end":{"line":96,"column":41}},"39":{"start":{"line":98,"column":4},"end":{"line":100,"column":5}},"40":{"start":{"line":99,"column":6},"end":{"line":99,"column":80}},"41":{"start":{"line":103,"column":28},"end":{"line":103,"column":67}},"42":{"start":{"line":106,"column":26},"end":{"line":113,"column":7}},"43":{"start":{"line":106,"column":59},"end":{"line":113,"column":5}},"44":{"start":{"line":116,"column":25},"end":{"line":116,"column":61}},"45":{"start":{"line":118,"column":4},"end":{"line":118,"column":39}},"46":{"start":{"line":120,"column":4},"end":{"line":120,"column":16}},"47":{"start":{"line":124,"column":0},"end":{"line":129,"column":2}}},"fnMap":{"0":{"name":"(anonymous_0)","decl":{"start":{"line":8,"column":25},"end":{"line":8,"column":26}},"loc":{"start":{"line":8,"column":51},"end":{"line":40,"column":1}},"line":8},"1":{"name":"(anonymous_1)","decl":{"start":{"line":20,"column":45},"end":{"line":20,"column":46}},"loc":{"start":{"line":20,"column":57},"end":{"line":27,"column":5}},"line":20},"2":{"name":"(anonymous_2)","decl":{"start":{"line":45,"column":20},"end":{"line":45,"column":21}},"loc":{"start":{"line":45,"column":46},"end":{"line":59,"column":1}},"line":45},"3":{"name":"(anonymous_3)","decl":{"start":{"line":64,"column":24},"end":{"line":64,"column":25}},"loc":{"start":{"line":64,"column":50},"end":{"line":89,"column":1}},"line":64},"4":{"name":"(anonymous_4)","decl":{"start":{"line":94,"column":26},"end":{"line":94,"column":27}},"loc":{"start":{"line":94,"column":52},"end":{"line":122,"column":1}},"line":94},"5":{"name":"(anonymous_5)","decl":{"start":{"line":106,"column":46},"end":{"line":106,"column":47}},"loc":{"start":{"line":106,"column":59},"end":{"line":113,"column":5}},"line":106}},"branchMap":{"0":{"loc":{"start":{"line":11,"column":4},"end":{"line":13,"column":5}},"type":"if","locations":[{"start":{"line":11,"column":4},"end":{"line":13,"column":5}},{"start":{},"end":{}}],"line":11},"1":{"loc":{"start":{"line":16,"column":24},"end":{"line":16,"column":66}},"type":"binary-expr","locations":[{"start":{"line":16,"column":24},"end":{"line":16,"column":46}},{"start":{"line":16,"column":50},"end":{"line":16,"column":66}}],"line":16},"2":{"loc":{"start":{"line":49,"column":4},"end":{"line":51,"column":5}},"type":"if","locations":[{"start":{"line":49,"column":4},"end":{"line":51,"column":5}},{"start":{},"end":{}}],"line":49},"3":{"loc":{"start":{"line":49,"column":8},"end":{"line":49,"column":26}},"type":"binary-expr","locations":[{"start":{"line":49,"column":8},"end":{"line":49,"column":13}},{"start":{"line":49,"column":17},"end":{"line":49,"column":26}}],"line":49},"4":{"loc":{"start":{"line":68,"column":4},"end":{"line":70,"column":5}},"type":"if","locations":[{"start":{"line":68,"column":4},"end":{"line":70,"column":5}},{"start":{},"end":{}}],"line":68},"5":{"loc":{"start":{"line":72,"column":27},"end":{"line":72,"column":127}},"type":"cond-expr","locations":[{"start":{"line":72,"column":42},"end":{"line":72,"column":94}},{"start":{"line":72,"column":97},"end":{"line":72,"column":127}}],"line":72},"6":{"loc":{"start":{"line":75,"column":66},"end":{"line":75,"column":88}},"type":"binary-expr","locations":[{"start":{"line":75,"column":66},"end":{"line":75,"column":82}},{"start":{"line":75,"column":86},"end":{"line":75,"column":88}}],"line":75},"7":{"loc":{"start":{"line":98,"column":4},"end":{"line":100,"column":5}},"type":"if","locations":[{"start":{"line":98,"column":4},"end":{"line":100,"column":5}},{"start":{},"end":{}}],"line":98},"8":{"loc":{"start":{"line":108,"column":73},"end":{"line":108,"column":100}},"type":"binary-expr","locations":[{"start":{"line":108,"column":73},"end":{"line":108,"column":90}},{"start":{"line":108,"column":94},"end":{"line":108,"column":100}}],"line":108},"9":{"loc":{"start":{"line":110,"column":15},"end":{"line":110,"column":32}},"type":"binary-expr","locations":[{"start":{"line":110,"column":15},"end":{"line":110,"column":24}},{"start":{"line":110,"column":28},"end":{"line":110,"column":32}}],"line":110}},"s":{"0":2,"1":2,"2":2,"3":2,"4":0,"5":0,"6":0,"7":0,"8":0,"9":0,"10":0,"11":0,"12":0,"13":0,"14":0,"15":0,"16":0,"17":2,"18":0,"19":0,"20":0,"21":0,"22":0,"23":0,"24":0,"25":2,"26":0,"27":0,"28":0,"29":0,"30":0,"31":0,"32":0,"33":0,"34":0,"35":0,"36":2,"37":0,"38":0,"39":0,"40":0,"41":0,"42":0,"43":0,"44":0,"45":0,"46":0,"47":2},"f":{"0":0,"1":0,"2":0,"3":0,"4":0,"5":0},"b":{"0":[0,0],"1":[0,0],"2":[0,0],"3":[0,0],"4":[0,0],"5":[0,0],"6":[0,0],"7":[0,0],"8":[0,0],"9":[0,0]},"_coverageSchema":"1a1c01bbd47fc00a2c39e90264f33305004495a9","hash":"80de29da6b04bd7ce0962001a860238a10a5aaf5"}
,"X:\\Learning\\Web Dev\\Projects\\ai-task-manager-backend\\src\\controllers\\authController.js": {"path":"X:\\Learning\\Web Dev\\Projects\\ai-task-manager-backend\\src\\controllers\\authController.js","statementMap":{"0":{"start":{"line":1,"column":13},"end":{"line":1,"column":38}},"1":{"start":{"line":2,"column":15},"end":{"line":2,"column":34}},"2":{"start":{"line":3,"column":12},"end":{"line":3,"column":35}},"3":{"start":{"line":4,"column":15},"end":{"line":4,"column":32}},"4":{"start":{"line":5,"column":17},"end":{"line":5,"column":45}},"5":{"start":{"line":8,"column":28},"end":{"line":12,"column":1}},"6":{"start":{"line":9,"column":2},"end":{"line":11,"column":5}},"7":{"start":{"line":14,"column":29},"end":{"line":16,"column":1}},"8":{"start":{"line":15,"column":2},"end":{"line":15,"column":48}},"9":{"start":{"line":18,"column":18},"end":{"line":20,"column":1}},"10":{"start":{"line":19,"column":2},"end":{"line":19,"column":65}},"11":{"start":{"line":22,"column":23},"end":{"line":29,"column":1}},"12":{"start":{"line":23,"column":2},"end":{"line":28,"column":5}},"13":{"start":{"line":32,"column":27},"end":{"line":35,"column":1}},"14":{"start":{"line":33,"column":23},"end":{"line":33,"column":69}},"15":{"start":{"line":34,"column":2},"end":{"line":34,"column":85}},"16":{"start":{"line":34,"column":55},"end":{"line":34,"column":83}},"17":{"start":{"line":40,"column":17},"end":{"line":84,"column":1}},"18":{"start":{"line":41,"column":2},"end":{"line":83,"column":3}},"19":{"start":{"line":42,"column":44},"end":{"line":42,"column":52}},"20":{"start":{"line":45,"column":23},"end":{"line":45,"column":52}},"21":{"start":{"line":46,"column":4},"end":{"line":48,"column":5}},"22":{"start":{"line":47,"column":6},"end":{"line":47,"column":60}},"23":{"start":{"line":51,"column":17},"end":{"line":51,"column":41}},"24":{"start":{"line":52,"column":27},"end":{"line":52,"column":60}},"25":{"start":{"line":55,"column":17},"end":{"line":60,"column":6}},"26":{"start":{"line":63,"column":24},"end":{"line":63,"column":76}},"27":{"start":{"line":64,"column":25},"end":{"line":64,"column":47}},"28":{"start":{"line":67,"column":4},"end":{"line":67,"column":64}},"29":{"start":{"line":68,"column":4},"end":{"line":68,"column":22}},"30":{"start":{"line":71,"column":4},"end":{"line":71,"column":38}},"31":{"start":{"line":73,"column":4},"end":{"line":80,"column":7}},"32":{"start":{"line":82,"column":4},"end":{"line":82,"column":16}},"33":{"start":{"line":89,"column":14},"end":{"line":132,"column":1}},"34":{"start":{"line":90,"column":2},"end":{"line":131,"column":3}},"35":{"start":{"line":91,"column":32},"end":{"line":91,"column":40}},"36":{"start":{"line":94,"column":17},"end":{"line":94,"column":46}},"37":{"start":{"line":96,"column":4},"end":{"line":98,"column":5}},"38":{"start":{"line":97,"column":6},"end":{"line":97,"column":66}},"39":{"start":{"line":101,"column":20},"end":{"line":101,"column":65}},"40":{"start":{"line":103,"column":4},"end":{"line":105,"column":5}},"41":{"start":{"line":104,"column":6},"end":{"line":104,"column":66}},"42":{"start":{"line":108,"column":4},"end":{"line":108,"column":29}},"43":{"start":{"line":111,"column":24},"end":{"line":111,"column":76}},"44":{"start":{"line":112,"column":25},"end":{"line":112,"column":47}},"45":{"start":{"line":115,"column":4},"end":{"line":115,"column":64}},"46":{"start":{"line":116,"column":4},"end":{"line":116,"column":22}},"47":{"start":{"line":119,"column":4},"end":{"line":119,"column":38}},"48":{"start":{"line":121,"column":4},"end":{"line":128,"column":7}},"49":{"start":{"line":130,"column":4},"end":{"line":130,"column":16}},"50":{"start":{"line":137,"column":21},"end":{"line":164,"column":1}},"51":{"start":{"line":138,"column":2},"end":{"line":163,"column":3}},"52":{"start":{"line":140,"column":18},"end":{"line":140,"column":69}},"53":{"start":{"line":142,"column":4},"end":{"line":144,"column":5}},"54":{"start":{"line":143,"column":6},"end":{"line":143,"column":63}},"55":{"start":{"line":146,"column":24},"end":{"line":146,"column":40}},"56":{"start":{"line":149,"column":17},"end":{"line":149,"column":75}},"57":{"start":{"line":151,"column":4},"end":{"line":153,"column":5}},"58":{"start":{"line":152,"column":6},"end":{"line":152,"column":62}},"59":{"start":{"line":156,"column":27},"end":{"line":156,"column":79}},"60":{"start":{"line":158,"column":4},"end":{"line":160,"column":7}},"61":{"start":{"line":162,"column":4},"end":{"line":162,"column":16}},"62":{"start":{"line":169,"column":15},"end":{"line":185,"column":1}},"63":{"start":{"line":170,"column":2},"end":{"line":184,"column":3}},"64":{"start":{"line":171,"column":18},"end":{"line":171,"column":69}},"65":{"start":{"line":173,"column":4},"end":{"line":178,"column":5}},"66":{"start":{"line":174,"column":26},"end":{"line":174,"column":42}},"67":{"start":{"line":176,"column":6},"end":{"line":176,"column":93}},"68":{"start":{"line":176,"column":67},"end":{"line":176,"column":91}},"69":{"start":{"line":177,"column":6},"end":{"line":177,"column":28}},"70":{"start":{"line":180,"column":4},"end":{"line":180,"column":36}},"71":{"start":{"line":181,"column":4},"end":{"line":181,"column":53}},"72":{"start":{"line":183,"column":4},"end":{"line":183,"column":16}},"73":{"start":{"line":190,"column":18},"end":{"line":200,"column":1}},"74":{"start":{"line":191,"column":2},"end":{"line":199,"column":3}},"75":{"start":{"line":192,"column":4},"end":{"line":192,"column":32}},"76":{"start":{"line":193,"column":4},"end":{"line":193,"column":26}},"77":{"start":{"line":195,"column":4},"end":{"line":195,"column":36}},"78":{"start":{"line":196,"column":4},"end":{"line":196,"column":68}},"79":{"start":{"line":198,"column":4},"end":{"line":198,"column":16}},"80":{"start":{"line":202,"column":0},"end":{"line":208,"column":2}}},"fnMap":{"0":{"name":"(anonymous_0)","decl":{"start":{"line":8,"column":28},"end":{"line":8,"column":29}},"loc":{"start":{"line":8,"column":49},"end":{"line":12,"column":1}},"line":8},"1":{"name":"(anonymous_1)","decl":{"start":{"line":14,"column":29},"end":{"line":14,"column":30}},"loc":{"start":{"line":14,"column":35},"end":{"line":16,"column":1}},"line":14},"2":{"name":"(anonymous_2)","decl":{"start":{"line":18,"column":18},"end":{"line":18,"column":19}},"loc":{"start":{"line":18,"column":29},"end":{"line":20,"column":1}},"line":18},"3":{"name":"(anonymous_3)","decl":{"start":{"line":22,"column":23},"end":{"line":22,"column":24}},"loc":{"start":{"line":22,"column":39},"end":{"line":29,"column":1}},"line":22},"4":{"name":"(anonymous_4)","decl":{"start":{"line":32,"column":27},"end":{"line":32,"column":28}},"loc":{"start":{"line":32,"column":37},"end":{"line":35,"column":1}},"line":32},"5":{"name":"(anonymous_5)","decl":{"start":{"line":34,"column":49},"end":{"line":34,"column":50}},"loc":{"start":{"line":34,"column":55},"end":{"line":34,"column":83}},"line":34},"6":{"name":"(anonymous_6)","decl":{"start":{"line":40,"column":17},"end":{"line":40,"column":18}},"loc":{"start":{"line":40,"column":43},"end":{"line":84,"column":1}},"line":40},"7":{"name":"(anonymous_7)","decl":{"start":{"line":89,"column":14},"end":{"line":89,"column":15}},"loc":{"start":{"line":89,"column":40},"end":{"line":132,"column":1}},"line":89},"8":{"name":"(anonymous_8)","decl":{"start":{"line":137,"column":21},"end":{"line":137,"column":22}},"loc":{"start":{"line":137,"column":47},"end":{"line":164,"column":1}},"line":137},"9":{"name":"(anonymous_9)","decl":{"start":{"line":169,"column":15},"end":{"line":169,"column":16}},"loc":{"start":{"line":169,"column":41},"end":{"line":185,"column":1}},"line":169},"10":{"name":"(anonymous_10)","decl":{"start":{"line":176,"column":61},"end":{"line":176,"column":62}},"loc":{"start":{"line":176,"column":67},"end":{"line":176,"column":91}},"line":176},"11":{"name":"(anonymous_11)","decl":{"start":{"line":190,"column":18},"end":{"line":190,"column":19}},"loc":{"start":{"line":190,"column":44},"end":{"line":200,"column":1}},"line":190}},"branchMap":{"0":{"loc":{"start":{"line":46,"column":4},"end":{"line":48,"column":5}},"type":"if","locations":[{"start":{"line":46,"column":4},"end":{"line":48,"column":5}},{"start":{},"end":{}}],"line":46},"1":{"loc":{"start":{"line":96,"column":4},"end":{"line":98,"column":5}},"type":"if","locations":[{"start":{"line":96,"column":4},"end":{"line":98,"column":5}},{"start":{},"end":{}}],"line":96},"2":{"loc":{"start":{"line":103,"column":4},"end":{"line":105,"column":5}},"type":"if","locations":[{"start":{"line":103,"column":4},"end":{"line":105,"column":5}},{"start":{},"end":{}}],"line":103},"3":{"loc":{"start":{"line":140,"column":18},"end":{"line":140,"column":69}},"type":"binary-expr","locations":[{"start":{"line":140,"column":18},"end":{"line":140,"column":43}},{"start":{"line":140,"column":47},"end":{"line":140,"column":69}}],"line":140},"4":{"loc":{"start":{"line":142,"column":4},"end":{"line":144,"column":5}},"type":"if","locations":[{"start":{"line":142,"column":4},"end":{"line":144,"column":5}},{"start":{},"end":{}}],"line":142},"5":{"loc":{"start":{"line":151,"column":4},"end":{"line":153,"column":5}},"type":"if","locations":[{"start":{"line":151,"column":4},"end":{"line":153,"column":5}},{"start":{},"end":{}}],"line":151},"6":{"loc":{"start":{"line":171,"column":18},"end":{"line":171,"column":69}},"type":"binary-expr","locations":[{"start":{"line":171,"column":18},"end":{"line":171,"column":43}},{"start":{"line":171,"column":47},"end":{"line":171,"column":69}}],"line":171},"7":{"loc":{"start":{"line":173,"column":4},"end":{"line":178,"column":5}},"type":"if","locations":[{"start":{"line":173,"column":4},"end":{"line":178,"column":5}},{"start":{},"end":{}}],"line":173}},"s":{"0":2,"1":2,"2":2,"3":2,"4":2,"5":2,"6":22,"7":2,"8":21,"9":2,"10":24,"11":2,"12":21,"13":2,"14":1,"15":1,"16":1,"17":2,"18":21,"19":21,"20":21,"21":21,"22":1,"23":20,"24":20,"25":20,"26":20,"27":20,"28":20,"29":20,"30":20,"31":20,"32":0,"33":2,"34":3,"35":3,"36":3,"37":3,"38":1,"39":2,"40":2,"41":1,"42":1,"43":1,"44":1,"45":1,"46":1,"47":1,"48":1,"49":0,"50":2,"51":3,"52":3,"53":3,"54":1,"55":2,"56":2,"57":2,"58":1,"59":1,"60":1,"61":0,"62":2,"63":1,"64":1,"65":1,"66":1,"67":1,"68":1,"69":1,"70":1,"71":1,"72":0,"73":2,"74":0,"75":0,"76":0,"77":0,"78":0,"79":0,"80":2},"f":{"0":22,"1":21,"2":24,"3":21,"4":1,"5":1,"6":21,"7":3,"8":3,"9":1,"10":1,"11":0},"b":{"0":[1,20],"1":[1,2],"2":[1,1],"3":[3,1],"4":[1,2],"5":[1,1],"6":[1,0],"7":[1,0]},"_coverageSchema":"1a1c01bbd47fc00a2c39e90264f33305004495a9","hash":"dd990c5e97733217e13632a6884dabb8f6c2de75"}
,"X:\\Learning\\Web Dev\\Projects\\ai-task-manager-backend\\src\\controllers\\projectController.js": {"path":"X:\\Learning\\Web Dev\\Projects\\ai-task-manager-backend\\src\\controllers\\projectController.js","statementMap":{"0":{"start":{"line":1,"column":16},"end":{"line":1,"column":44}},"1":{"start":{"line":6,"column":22},"end":{"line":24,"column":1}},"2":{"start":{"line":7,"column":2},"end":{"line":23,"column":3}},"3":{"start":{"line":8,"column":68},"end":{"line":8,"column":76}},"4":{"start":{"line":10,"column":20},"end":{"line":18,"column":6}},"5":{"start":{"line":20,"column":4},"end":{"line":20,"column":34}},"6":{"start":{"line":22,"column":4},"end":{"line":22,"column":16}},"7":{"start":{"line":29,"column":23},"end":{"line":39,"column":1}},"8":{"start":{"line":30,"column":2},"end":{"line":38,"column":3}},"9":{"start":{"line":31,"column":21},"end":{"line":33,"column":31}},"10":{"start":{"line":35,"column":4},"end":{"line":35,"column":35}},"11":{"start":{"line":37,"column":4},"end":{"line":37,"column":16}},"12":{"start":{"line":44,"column":23},"end":{"line":60,"column":1}},"13":{"start":{"line":45,"column":2},"end":{"line":59,"column":3}},"14":{"start":{"line":46,"column":20},"end":{"line":50,"column":24}},"15":{"start":{"line":52,"column":4},"end":{"line":54,"column":5}},"16":{"start":{"line":53,"column":6},"end":{"line":53,"column":68}},"17":{"start":{"line":56,"column":4},"end":{"line":56,"column":34}},"18":{"start":{"line":58,"column":4},"end":{"line":58,"column":16}},"19":{"start":{"line":65,"column":22},"end":{"line":83,"column":1}},"20":{"start":{"line":66,"column":2},"end":{"line":82,"column":3}},"21":{"start":{"line":67,"column":18},"end":{"line":67,"column":55}},"22":{"start":{"line":69,"column":4},"end":{"line":71,"column":5}},"23":{"start":{"line":70,"column":6},"end":{"line":70,"column":68}},"24":{"start":{"line":73,"column":4},"end":{"line":77,"column":6}},"25":{"start":{"line":79,"column":4},"end":{"line":79,"column":34}},"26":{"start":{"line":81,"column":4},"end":{"line":81,"column":16}},"27":{"start":{"line":88,"column":22},"end":{"line":102,"column":1}},"28":{"start":{"line":89,"column":2},"end":{"line":101,"column":3}},"29":{"start":{"line":90,"column":20},"end":{"line":90,"column":57}},"30":{"start":{"line":92,"column":4},"end":{"line":94,"column":5}},"31":{"start":{"line":93,"column":6},"end":{"line":93,"column":68}},"32":{"start":{"line":96,"column":4},"end":{"line":96,"column":51}},"33":{"start":{"line":98,"column":4},"end":{"line":98,"column":70}},"34":{"start":{"line":100,"column":4},"end":{"line":100,"column":16}},"35":{"start":{"line":104,"column":0},"end":{"line":110,"column":2}}},"fnMap":{"0":{"name":"(anonymous_0)","decl":{"start":{"line":6,"column":22},"end":{"line":6,"column":23}},"loc":{"start":{"line":6,"column":48},"end":{"line":24,"column":1}},"line":6},"1":{"name":"(anonymous_1)","decl":{"start":{"line":29,"column":23},"end":{"line":29,"column":24}},"loc":{"start":{"line":29,"column":49},"end":{"line":39,"column":1}},"line":29},"2":{"name":"(anonymous_2)","decl":{"start":{"line":44,"column":23},"end":{"line":44,"column":24}},"loc":{"start":{"line":44,"column":49},"end":{"line":60,"column":1}},"line":44},"3":{"name":"(anonymous_3)","decl":{"start":{"line":65,"column":22},"end":{"line":65,"column":23}},"loc":{"start":{"line":65,"column":48},"end":{"line":83,"column":1}},"line":65},"4":{"name":"(anonymous_4)","decl":{"start":{"line":88,"column":22},"end":{"line":88,"column":23}},"loc":{"start":{"line":88,"column":48},"end":{"line":102,"column":1}},"line":88}},"branchMap":{"0":{"loc":{"start":{"line":52,"column":4},"end":{"line":54,"column":5}},"type":"if","locations":[{"start":{"line":52,"column":4},"end":{"line":54,"column":5}},{"start":{},"end":{}}],"line":52},"1":{"loc":{"start":{"line":69,"column":4},"end":{"line":71,"column":5}},"type":"if","locations":[{"start":{"line":69,"column":4},"end":{"line":71,"column":5}},{"start":{},"end":{}}],"line":69},"2":{"loc":{"start":{"line":92,"column":4},"end":{"line":94,"column":5}},"type":"if","locations":[{"start":{"line":92,"column":4},"end":{"line":94,"column":5}},{"start":{},"end":{}}],"line":92}},"s":{"0":2,"1":2,"2":9,"3":9,"4":9,"5":9,"6":0,"7":2,"8":0,"9":0,"10":0,"11":0,"12":2,"13":0,"14":0,"15":0,"16":0,"17":0,"18":0,"19":2,"20":0,"21":0,"22":0,"23":0,"24":0,"25":0,"26":0,"27":2,"28":0,"29":0,"30":0,"31":0,"32":0,"33":0,"34":0,"35":2},"f":{"0":9,"1":0,"2":0,"3":0,"4":0},"b":{"0":[0,0],"1":[0,0],"2":[0,0]},"_coverageSchema":"1a1c01bbd47fc00a2c39e90264f33305004495a9","hash":"48d14a8b919c44f54ed2ec128c8da262a4f16cd0"}
,"X:\\Learning\\Web Dev\\Projects\\ai-task-manager-backend\\src\\controllers\\taskController.js": {"path":"X:\\Learning\\Web Dev\\Projects\\ai-task-manager-backend\\src\\controllers\\taskController.js","statementMap":{"0":{"start":{"line":1,"column":13},"end":{"line":1,"column":38}},"1":{"start":{"line":2,"column":29},"end":{"line":2,"column":57}},"2":{"start":{"line":7,"column":19},"end":{"line":38,"column":1}},"3":{"start":{"line":9,"column":17},"end":{"line":9,"column":38}},"4":{"start":{"line":10,"column":2},"end":{"line":12,"column":3}},"5":{"start":{"line":11,"column":4},"end":{"line":11,"column":60}},"6":{"start":{"line":14,"column":2},"end":{"line":37,"column":3}},"7":{"start":{"line":15,"column":89},"end":{"line":15,"column":97}},"8":{"start":{"line":18,"column":17},"end":{"line":28,"column":6}},"9":{"start":{"line":31,"column":15},"end":{"line":31,"column":32}},"10":{"start":{"line":32,"column":4},"end":{"line":32,"column":34}},"11":{"start":{"line":34,"column":4},"end":{"line":34,"column":31}},"12":{"start":{"line":36,"column":4},"end":{"line":36,"column":16}},"13":{"start":{"line":43,"column":20},"end":{"line":63,"column":1}},"14":{"start":{"line":44,"column":2},"end":{"line":62,"column":3}},"15":{"start":{"line":45,"column":42},"end":{"line":45,"column":51}},"16":{"start":{"line":48,"column":16},"end":{"line":48,"column":18}},"17":{"start":{"line":49,"column":4},"end":{"line":49,"column":41}},"18":{"start":{"line":49,"column":17},"end":{"line":49,"column":41}},"19":{"start":{"line":50,"column":4},"end":{"line":50,"column":38}},"20":{"start":{"line":50,"column":16},"end":{"line":50,"column":38}},"21":{"start":{"line":51,"column":4},"end":{"line":51,"column":44}},"22":{"start":{"line":51,"column":18},"end":{"line":51,"column":44}},"23":{"start":{"line":54,"column":18},"end":{"line":57,"column":36}},"24":{"start":{"line":59,"column":4},"end":{"line":59,"column":32}},"25":{"start":{"line":61,"column":4},"end":{"line":61,"column":16}},"26":{"start":{"line":68,"column":20},"end":{"line":83,"column":1}},"27":{"start":{"line":69,"column":2},"end":{"line":82,"column":3}},"28":{"start":{"line":70,"column":17},"end":{"line":73,"column":36}},"29":{"start":{"line":75,"column":4},"end":{"line":77,"column":5}},"30":{"start":{"line":76,"column":6},"end":{"line":76,"column":65}},"31":{"start":{"line":79,"column":4},"end":{"line":79,"column":31}},"32":{"start":{"line":81,"column":4},"end":{"line":81,"column":16}},"33":{"start":{"line":88,"column":19},"end":{"line":113,"column":1}},"34":{"start":{"line":89,"column":2},"end":{"line":112,"column":3}},"35":{"start":{"line":90,"column":15},"end":{"line":90,"column":49}},"36":{"start":{"line":92,"column":4},"end":{"line":94,"column":5}},"37":{"start":{"line":93,"column":6},"end":{"line":93,"column":65}},"38":{"start":{"line":97,"column":4},"end":{"line":101,"column":6}},"39":{"start":{"line":104,"column":4},"end":{"line":107,"column":5}},"40":{"start":{"line":105,"column":17},"end":{"line":105,"column":34}},"41":{"start":{"line":106,"column":6},"end":{"line":106,"column":36}},"42":{"start":{"line":109,"column":4},"end":{"line":109,"column":31}},"43":{"start":{"line":111,"column":4},"end":{"line":111,"column":16}},"44":{"start":{"line":118,"column":19},"end":{"line":132,"column":1}},"45":{"start":{"line":119,"column":2},"end":{"line":131,"column":3}},"46":{"start":{"line":120,"column":17},"end":{"line":120,"column":51}},"47":{"start":{"line":122,"column":4},"end":{"line":124,"column":5}},"48":{"start":{"line":123,"column":6},"end":{"line":123,"column":65}},"49":{"start":{"line":126,"column":4},"end":{"line":126,"column":48}},"50":{"start":{"line":128,"column":4},"end":{"line":128,"column":67}},"51":{"start":{"line":130,"column":4},"end":{"line":130,"column":16}},"52":{"start":{"line":134,"column":0},"end":{"line":140,"column":2}}},"fnMap":{"0":{"name":"(anonymous_0)","decl":{"start":{"line":7,"column":19},"end":{"line":7,"column":20}},"loc":{"start":{"line":7,"column":45},"end":{"line":38,"column":1}},"line":7},"1":{"name":"(anonymous_1)","decl":{"start":{"line":43,"column":20},"end":{"line":43,"column":21}},"loc":{"start":{"line":43,"column":46},"end":{"line":63,"column":1}},"line":43},"2":{"name":"(anonymous_2)","decl":{"start":{"line":68,"column":20},"end":{"line":68,"column":21}},"loc":{"start":{"line":68,"column":46},"end":{"line":83,"column":1}},"line":68},"3":{"name":"(anonymous_3)","decl":{"start":{"line":88,"column":19},"end":{"line":88,"column":20}},"loc":{"start":{"line":88,"column":45},"end":{"line":113,"column":1}},"line":88},"4":{"name":"(anonymous_4)","decl":{"start":{"line":118,"column":19},"end":{"line":118,"column":20}},"loc":{"start":{"line":118,"column":45},"end":{"line":132,"column":1}},"line":118}},"branchMap":{"0":{"loc":{"start":{"line":10,"column":2},"end":{"line":12,"column":3}},"type":"if","locations":[{"start":{"line":10,"column":2},"end":{"line":12,"column":3}},{"start":{},"end":{}}],"line":10},"1":{"loc":{"start":{"line":49,"column":4},"end":{"line":49,"column":41}},"type":"if","locations":[{"start":{"line":49,"column":4},"end":{"line":49,"column":41}},{"start":{},"end":{}}],"line":49},"2":{"loc":{"start":{"line":50,"column":4},"end":{"line":50,"column":38}},"type":"if","locations":[{"start":{"line":50,"column":4},"end":{"line":50,"column":38}},{"start":{},"end":{}}],"line":50},"3":{"loc":{"start":{"line":51,"column":4},"end":{"line":51,"column":44}},"type":"if","locations":[{"start":{"line":51,"column":4},"end":{"line":51,"column":44}},{"start":{},"end":{}}],"line":51},"4":{"loc":{"start":{"line":75,"column":4},"end":{"line":77,"column":5}},"type":"if","locations":[{"start":{"line":75,"column":4},"end":{"line":77,"column":5}},{"start":{},"end":{}}],"line":75},"5":{"loc":{"start":{"line":92,"column":4},"end":{"line":94,"column":5}},"type":"if","locations":[{"start":{"line":92,"column":4},"end":{"line":94,"column":5}},{"start":{},"end":{}}],"line":92},"6":{"loc":{"start":{"line":104,"column":4},"end":{"line":107,"column":5}},"type":"if","locations":[{"start":{"line":104,"column":4},"end":{"line":107,"column":5}},{"start":{},"end":{}}],"line":104},"7":{"loc":{"start":{"line":122,"column":4},"end":{"line":124,"column":5}},"type":"if","locations":[{"start":{"line":122,"column":4},"end":{"line":124,"column":5}},{"start":{},"end":{}}],"line":122}},"s":{"0":2,"1":2,"2":2,"3":7,"4":7,"5":0,"6":7,"7":7,"8":7,"9":7,"10":7,"11":7,"12":0,"13":2,"14":1,"15":1,"16":1,"17":1,"18":0,"19":1,"20":0,"21":1,"22":0,"23":1,"24":1,"25":0,"26":2,"27":0,"28":0,"29":0,"30":0,"31":0,"32":0,"33":2,"34":2,"35":2,"36":2,"37":0,"38":2,"39":2,"40":2,"41":2,"42":2,"43":0,"44":2,"45":2,"46":2,"47":2,"48":1,"49":1,"50":1,"51":0,"52":2},"f":{"0":7,"1":1,"2":0,"3":2,"4":2},"b":{"0":[0,7],"1":[0,1],"2":[0,1],"3":[0,1],"4":[0,0],"5":[0,2],"6":[2,0],"7":[1,1]},"_coverageSchema":"1a1c01bbd47fc00a2c39e90264f33305004495a9","hash":"8cf0f9662746acdda9286bc178e8779ffe5e4ca8"}
,"X:\\Learning\\Web Dev\\Projects\\ai-task-manager-backend\\src\\middlewares\\auth.js": {"path":"X:\\Learning\\Web Dev\\Projects\\ai-task-manager-backend\\src\\middlewares\\auth.js","statementMap":{"0":{"start":{"line":1,"column":12},"end":{"line":1,"column":35}},"1":{"start":{"line":2,"column":13},"end":{"line":2,"column":38}},"2":{"start":{"line":3,"column":17},"end":{"line":3,"column":45}},"3":{"start":{"line":4,"column":15},"end":{"line":4,"column":41}},"4":{"start":{"line":6,"column":13},"end":{"line":36,"column":1}},"5":{"start":{"line":7,"column":2},"end":{"line":35,"column":3}},"6":{"start":{"line":11,"column":4},"end":{"line":14,"column":5}},"7":{"start":{"line":13,"column":6},"end":{"line":13,"column":54}},"8":{"start":{"line":16,"column":4},"end":{"line":18,"column":5}},"9":{"start":{"line":17,"column":6},"end":{"line":17,"column":70}},"10":{"start":{"line":21,"column":20},"end":{"line":21,"column":61}},"11":{"start":{"line":24,"column":4},"end":{"line":24,"column":67}},"12":{"start":{"line":26,"column":4},"end":{"line":28,"column":5}},"13":{"start":{"line":27,"column":6},"end":{"line":27,"column":71}},"14":{"start":{"line":31,"column":4},"end":{"line":31,"column":11}},"15":{"start":{"line":33,"column":4},"end":{"line":33,"column":69}},"16":{"start":{"line":34,"column":4},"end":{"line":34,"column":60}},"17":{"start":{"line":38,"column":0},"end":{"line":38,"column":22}}},"fnMap":{"0":{"name":"(anonymous_0)","decl":{"start":{"line":6,"column":13},"end":{"line":6,"column":14}},"loc":{"start":{"line":6,"column":39},"end":{"line":36,"column":1}},"line":6}},"branchMap":{"0":{"loc":{"start":{"line":11,"column":4},"end":{"line":14,"column":5}},"type":"if","locations":[{"start":{"line":11,"column":4},"end":{"line":14,"column":5}},{"start":{},"end":{}}],"line":11},"1":{"loc":{"start":{"line":11,"column":8},"end":{"line":11,"column":83}},"type":"binary-expr","locations":[{"start":{"line":11,"column":8},"end":{"line":11,"column":33}},{"start":{"line":11,"column":37},"end":{"line":11,"column":83}}],"line":11},"2":{"loc":{"start":{"line":16,"column":4},"end":{"line":18,"column":5}},"type":"if","locations":[{"start":{"line":16,"column":4},"end":{"line":18,"column":5}},{"start":{},"end":{}}],"line":16},"3":{"loc":{"start":{"line":26,"column":4},"end":{"line":28,"column":5}},"type":"if","locations":[{"start":{"line":26,"column":4},"end":{"line":28,"column":5}},{"start":{},"end":{}}],"line":26}},"s":{"0":2,"1":2,"2":2,"3":2,"4":2,"5":26,"6":26,"7":24,"8":26,"9":2,"10":24,"11":24,"12":24,"13":0,"14":24,"15":0,"16":0,"17":2},"f":{"0":26},"b":{"0":[24,2],"1":[26,24],"2":[2,24],"3":[0,24]},"_coverageSchema":"1a1c01bbd47fc00a2c39e90264f33305004495a9","hash":"2d1cccc59a2b63475f2ce7c05bc5ed0ec368a055"}
,"X:\\Learning\\Web Dev\\Projects\\ai-task-manager-backend\\src\\middlewares\\error.js": {"path":"X:\\Learning\\Web Dev\\Projects\\ai-task-manager-backend\\src\\middlewares\\error.js","statementMap":{"0":{"start":{"line":1,"column":15},"end":{"line":1,"column":41}},"1":{"start":{"line":2,"column":17},"end":{"line":2,"column":45}},"2":{"start":{"line":3,"column":20},"end":{"line":3,"column":51}},"3":{"start":{"line":5,"column":27},"end":{"line":50,"column":1}},"4":{"start":{"line":6,"column":14},"end":{"line":6,"column":17}},"5":{"start":{"line":9,"column":2},"end":{"line":13,"column":3}},"6":{"start":{"line":10,"column":23},"end":{"line":10,"column":46}},"7":{"start":{"line":11,"column":20},"end":{"line":11,"column":60}},"8":{"start":{"line":12,"column":4},"end":{"line":12,"column":63}},"9":{"start":{"line":16,"column":2},"end":{"line":19,"column":3}},"10":{"start":{"line":17,"column":20},"end":{"line":17,"column":64}},"11":{"start":{"line":18,"column":4},"end":{"line":18,"column":39}},"12":{"start":{"line":22,"column":2},"end":{"line":25,"column":3}},"13":{"start":{"line":23,"column":20},"end":{"line":23,"column":51}},"14":{"start":{"line":24,"column":4},"end":{"line":24,"column":39}},"15":{"start":{"line":28,"column":2},"end":{"line":31,"column":3}},"16":{"start":{"line":29,"column":20},"end":{"line":29,"column":80}},"17":{"start":{"line":29,"column":57},"end":{"line":29,"column":68}},"18":{"start":{"line":30,"column":4},"end":{"line":30,"column":39}},"19":{"start":{"line":34,"column":2},"end":{"line":37,"column":3}},"20":{"start":{"line":35,"column":20},"end":{"line":35,"column":61}},"21":{"start":{"line":35,"column":40},"end":{"line":35,"column":49}},"22":{"start":{"line":36,"column":4},"end":{"line":36,"column":51}},"23":{"start":{"line":40,"column":2},"end":{"line":40,"column":96}},"24":{"start":{"line":43,"column":19},"end":{"line":47,"column":3}},"25":{"start":{"line":49,"column":2},"end":{"line":49,"column":46}},"26":{"start":{"line":52,"column":0},"end":{"line":54,"column":2}}},"fnMap":{"0":{"name":"(anonymous_0)","decl":{"start":{"line":5,"column":27},"end":{"line":5,"column":28}},"loc":{"start":{"line":5,"column":52},"end":{"line":50,"column":1}},"line":5},"1":{"name":"(anonymous_1)","decl":{"start":{"line":29,"column":50},"end":{"line":29,"column":51}},"loc":{"start":{"line":29,"column":57},"end":{"line":29,"column":68}},"line":29},"2":{"name":"(anonymous_2)","decl":{"start":{"line":35,"column":35},"end":{"line":35,"column":36}},"loc":{"start":{"line":35,"column":40},"end":{"line":35,"column":49}},"line":35}},"branchMap":{"0":{"loc":{"start":{"line":9,"column":2},"end":{"line":13,"column":3}},"type":"if","locations":[{"start":{"line":9,"column":2},"end":{"line":13,"column":3}},{"start":{},"end":{}}],"line":9},"1":{"loc":{"start":{"line":10,"column":23},"end":{"line":10,"column":46}},"type":"binary-expr","locations":[{"start":{"line":10,"column":23},"end":{"line":10,"column":39}},{"start":{"line":10,"column":43},"end":{"line":10,"column":46}}],"line":10},"2":{"loc":{"start":{"line":11,"column":20},"end":{"line":11,"column":60}},"type":"binary-expr","locations":[{"start":{"line":11,"column":20},"end":{"line":11,"column":33}},{"start":{"line":11,"column":37},"end":{"line":11,"column":60}}],"line":11},"3":{"loc":{"start":{"line":16,"column":2},"end":{"line":19,"column":3}},"type":"if","locations":[{"start":{"line":16,"column":2},"end":{"line":19,"column":3}},{"start":{},"end":{}}],"line":16},"4":{"loc":{"start":{"line":22,"column":2},"end":{"line":25,"column":3}},"type":"if","locations":[{"start":{"line":22,"column":2},"end":{"line":25,"column":3}},{"start":{},"end":{}}],"line":22},"5":{"loc":{"start":{"line":28,"column":2},"end":{"line":31,"column":3}},"type":"if","locations":[{"start":{"line":28,"column":2},"end":{"line":31,"column":3}},{"start":{},"end":{}}],"line":28},"6":{"loc":{"start":{"line":34,"column":2},"end":{"line":37,"column":3}},"type":"if","locations":[{"start":{"line":34,"column":2},"end":{"line":37,"column":3}},{"start":{},"end":{}}],"line":34},"7":{"loc":{"start":{"line":46,"column":8},"end":{"line":46,"column":76}},"type":"cond-expr","locations":[{"start":{"line":46,"column":49},"end":{"line":46,"column":71}},{"start":{"line":46,"column":74},"end":{"line":46,"column":76}}],"line":46}},"s":{"0":2,"1":2,"2":2,"3":2,"4":11,"5":11,"6":4,"7":4,"8":4,"9":11,"10":0,"11":0,"12":11,"13":0,"14":0,"15":11,"16":0,"17":0,"18":0,"19":11,"20":4,"21":0,"22":0,"23":7,"24":7,"25":7,"26":2},"f":{"0":11,"1":0,"2":0},"b":{"0":[4,7],"1":[4,4],"2":[4,0],"3":[0,11],"4":[0,11],"5":[0,11],"6":[4,7],"7":[0,7]},"_coverageSchema":"1a1c01bbd47fc00a2c39e90264f33305004495a9","hash":"6ca9b89c1bf0cee68d6041d7e11dd5424072dd0d"}
,"X:\\Learning\\Web Dev\\Projects\\ai-task-manager-backend\\src\\middlewares\\rateLimiter.js": {"path":"X:\\Learning\\Web Dev\\Projects\\ai-task-manager-backend\\src\\middlewares\\rateLimiter.js","statementMap":{"0":{"start":{"line":1,"column":18},"end":{"line":1,"column":47}},"1":{"start":{"line":4,"column":19},"end":{"line":10,"column":2}},"2":{"start":{"line":13,"column":18},"end":{"line":19,"column":2}},"3":{"start":{"line":21,"column":0},"end":{"line":24,"column":2}}},"fnMap":{},"branchMap":{},"s":{"0":2,"1":2,"2":2,"3":2},"f":{},"b":{},"_coverageSchema":"1a1c01bbd47fc00a2c39e90264f33305004495a9","hash":"52139740795ad383dbbff2c05c5469728e958285"}
,"X:\\Learning\\Web Dev\\Projects\\ai-task-manager-backend\\src\\middlewares\\validate.js": {"path":"X:\\Learning\\Web Dev\\Projects\\ai-task-manager-backend\\src\\middlewares\\validate.js","statementMap":{"0":{"start":{"line":1,"column":17},"end":{"line":8,"column":1}},"1":{"start":{"line":1,"column":29},"end":{"line":8,"column":1}},"2":{"start":{"line":2,"column":2},"end":{"line":7,"column":3}},"3":{"start":{"line":3,"column":4},"end":{"line":3,"column":27}},"4":{"start":{"line":4,"column":4},"end":{"line":4,"column":11}},"5":{"start":{"line":6,"column":4},"end":{"line":6,"column":14}},"6":{"start":{"line":10,"column":0},"end":{"line":10,"column":26}}},"fnMap":{"0":{"name":"(anonymous_0)","decl":{"start":{"line":1,"column":17},"end":{"line":1,"column":18}},"loc":{"start":{"line":1,"column":29},"end":{"line":8,"column":1}},"line":1},"1":{"name":"(anonymous_1)","decl":{"start":{"line":1,"column":29},"end":{"line":1,"column":30}},"loc":{"start":{"line":1,"column":49},"end":{"line":8,"column":1}},"line":1}},"branchMap":{},"s":{"0":2,"1":14,"2":46,"3":46,"4":42,"5":4,"6":2},"f":{"0":14,"1":46},"b":{},"_coverageSchema":"1a1c01bbd47fc00a2c39e90264f33305004495a9","hash":"8ee30e423642cea25c22e93cbea008c6bfee2fab"}
,"X:\\Learning\\Web Dev\\Projects\\ai-task-manager-backend\\src\\models\\Project.js": {"path":"X:\\Learning\\Web Dev\\Projects\\ai-task-manager-backend\\src\\models\\Project.js","statementMap":{"0":{"start":{"line":1,"column":17},"end":{"line":1,"column":36}},"1":{"start":{"line":3,"column":22},"end":{"line":35,"column":2}},"2":{"start":{"line":38,"column":0},"end":{"line":43,"column":3}},"3":{"start":{"line":45,"column":0},"end":{"line":45,"column":58}}},"fnMap":{},"branchMap":{},"s":{"0":2,"1":2,"2":2,"3":2},"f":{},"b":{},"_coverageSchema":"1a1c01bbd47fc00a2c39e90264f33305004495a9","hash":"b5e2beb6cf04686dcd566646cd1936151f5b1074"}
,"X:\\Learning\\Web Dev\\Projects\\ai-task-manager-backend\\src\\models\\Task.js": {"path":"X:\\Learning\\Web Dev\\Projects\\ai-task-manager-backend\\src\\models\\Task.js","statementMap":{"0":{"start":{"line":1,"column":17},"end":{"line":1,"column":36}},"1":{"start":{"line":3,"column":19},"end":{"line":55,"column":2}},"2":{"start":{"line":57,"column":0},"end":{"line":57,"column":52}}},"fnMap":{},"branchMap":{},"s":{"0":2,"1":2,"2":2},"f":{},"b":{},"_coverageSchema":"1a1c01bbd47fc00a2c39e90264f33305004495a9","hash":"03f292184a401e83e401f38d4900b467476e0044"}
,"X:\\Learning\\Web Dev\\Projects\\ai-task-manager-backend\\src\\models\\User.js": {"path":"X:\\Learning\\Web Dev\\Projects\\ai-task-manager-backend\\src\\models\\User.js","statementMap":{"0":{"start":{"line":1,"column":17},"end":{"line":1,"column":36}},"1":{"start":{"line":3,"column":19},"end":{"line":39,"column":2}},"2":{"start":{"line":41,"column":0},"end":{"line":41,"column":52}}},"fnMap":{},"branchMap":{},"s":{"0":2,"1":2,"2":2},"f":{},"b":{},"_coverageSchema":"1a1c01bbd47fc00a2c39e90264f33305004495a9","hash":"1016b65dcb65a0a29ceb4e0e0211013da40e8795"}
,"X:\\Learning\\Web Dev\\Projects\\ai-task-manager-backend\\src\\routes\\ai.js": {"path":"X:\\Learning\\Web Dev\\Projects\\ai-task-manager-backend\\src\\routes\\ai.js","statementMap":{"0":{"start":{"line":1,"column":16},"end":{"line":1,"column":34}},"1":{"start":{"line":2,"column":15},"end":{"line":2,"column":31}},"2":{"start":{"line":3,"column":13},"end":{"line":3,"column":43}},"3":{"start":{"line":9,"column":4},"end":{"line":9,"column":42}},"4":{"start":{"line":11,"column":17},"end":{"line":11,"column":51}},"5":{"start":{"line":12,"column":51},"end":{"line":12,"column":88}},"6":{"start":{"line":15,"column":0},"end":{"line":15,"column":17}},"7":{"start":{"line":18,"column":0},"end":{"line":18,"column":66}},"8":{"start":{"line":19,"column":0},"end":{"line":19,"column":64}},"9":{"start":{"line":22,"column":0},"end":{"line":22,"column":72}},"10":{"start":{"line":23,"column":0},"end":{"line":23,"column":85}},"11":{"start":{"line":25,"column":0},"end":{"line":25,"column":24}}},"fnMap":{},"branchMap":{},"s":{"0":2,"1":2,"2":2,"3":2,"4":2,"5":2,"6":2,"7":2,"8":2,"9":2,"10":2,"11":2},"f":{},"b":{},"_coverageSchema":"1a1c01bbd47fc00a2c39e90264f33305004495a9","hash":"ea19328181d89390edf353fdb030d87eecb6b903"}
,"X:\\Learning\\Web Dev\\Projects\\ai-task-manager-backend\\src\\routes\\auth.js": {"path":"X:\\Learning\\Web Dev\\Projects\\ai-task-manager-backend\\src\\routes\\auth.js","statementMap":{"0":{"start":{"line":1,"column":16},"end":{"line":1,"column":34}},"1":{"start":{"line":2,"column":15},"end":{"line":2,"column":31}},"2":{"start":{"line":3,"column":61},"end":{"line":3,"column":101}},"3":{"start":{"line":5,"column":17},"end":{"line":5,"column":51}},"4":{"start":{"line":6,"column":13},"end":{"line":6,"column":43}},"5":{"start":{"line":7,"column":40},"end":{"line":7,"column":79}},"6":{"start":{"line":10,"column":0},"end":{"line":10,"column":61}},"7":{"start":{"line":11,"column":0},"end":{"line":11,"column":52}},"8":{"start":{"line":12,"column":0},"end":{"line":12,"column":44}},"9":{"start":{"line":15,"column":0},"end":{"line":15,"column":17}},"10":{"start":{"line":16,"column":0},"end":{"line":16,"column":31}},"11":{"start":{"line":17,"column":0},"end":{"line":17,"column":38}},"12":{"start":{"line":19,"column":0},"end":{"line":19,"column":24}}},"fnMap":{},"branchMap":{},"s":{"0":2,"1":2,"2":2,"3":2,"4":2,"5":2,"6":2,"7":2,"8":2,"9":2,"10":2,"11":2,"12":2},"f":{},"b":{},"_coverageSchema":"1a1c01bbd47fc00a2c39e90264f33305004495a9","hash":"76be164655af00f5f1c2396c7ed9d662b2300395"}
,"X:\\Learning\\Web Dev\\Projects\\ai-task-manager-backend\\src\\routes\\projects.js": {"path":"X:\\Learning\\Web Dev\\Projects\\ai-task-manager-backend\\src\\routes\\projects.js","statementMap":{"0":{"start":{"line":1,"column":16},"end":{"line":1,"column":34}},"1":{"start":{"line":2,"column":15},"end":{"line":2,"column":31}},"2":{"start":{"line":3,"column":13},"end":{"line":3,"column":43}},"3":{"start":{"line":10,"column":4},"end":{"line":10,"column":47}},"4":{"start":{"line":12,"column":17},"end":{"line":12,"column":51}},"5":{"start":{"line":13,"column":32},"end":{"line":13,"column":74}},"6":{"start":{"line":16,"column":0},"end":{"line":16,"column":17}},"7":{"start":{"line":18,"column":0},"end":{"line":20,"column":23}},"8":{"start":{"line":22,"column":0},"end":{"line":25,"column":25}},"9":{"start":{"line":27,"column":0},"end":{"line":27,"column":24}}},"fnMap":{},"branchMap":{},"s":{"0":2,"1":2,"2":2,"3":2,"4":2,"5":2,"6":2,"7":2,"8":2,"9":2},"f":{},"b":{},"_coverageSchema":"1a1c01bbd47fc00a2c39e90264f33305004495a9","hash":"dedf1155aa7a9d18ab2cdcccc6ecd047705400a0"}
,"X:\\Learning\\Web Dev\\Projects\\ai-task-manager-backend\\src\\routes\\tasks.js": {"path":"X:\\Learning\\Web Dev\\Projects\\ai-task-manager-backend\\src\\routes\\tasks.js","statementMap":{"0":{"start":{"line":1,"column":16},"end":{"line":1,"column":34}},"1":{"start":{"line":2,"column":15},"end":{"line":2,"column":31}},"2":{"start":{"line":3,"column":13},"end":{"line":3,"column":43}},"3":{"start":{"line":4,"column":17},"end":{"line":4,"column":51}},"4":{"start":{"line":5,"column":47},"end":{"line":5,"column":86}},"5":{"start":{"line":12,"column":4},"end":{"line":12,"column":44}},"6":{"start":{"line":15,"column":0},"end":{"line":15,"column":17}},"7":{"start":{"line":19,"column":0},"end":{"line":24,"column":20}},"8":{"start":{"line":29,"column":0},"end":{"line":32,"column":22}},"9":{"start":{"line":34,"column":0},"end":{"line":34,"column":24}}},"fnMap":{},"branchMap":{},"s":{"0":2,"1":2,"2":2,"3":2,"4":2,"5":2,"6":2,"7":2,"8":2,"9":2},"f":{},"b":{},"_coverageSchema":"1a1c01bbd47fc00a2c39e90264f33305004495a9","hash":"ea9b9a00ac2dfc79402e6a3c0efcbb410519599a"}
,"X:\\Learning\\Web Dev\\Projects\\ai-task-manager-backend\\src\\utils\\ApiError.js": {"path":"X:\\Learning\\Web Dev\\Projects\\ai-task-manager-backend\\src\\utils\\ApiError.js","statementMap":{"0":{"start":{"line":8,"column":4},"end":{"line":8,"column":19}},"1":{"start":{"line":9,"column":4},"end":{"line":9,"column":33}},"2":{"start":{"line":10,"column":4},"end":{"line":10,"column":21}},"3":{"start":{"line":11,"column":4},"end":{"line":11,"column":27}},"4":{"start":{"line":12,"column":4},"end":{"line":12,"column":25}},"5":{"start":{"line":13,"column":4},"end":{"line":13,"column":25}},"6":{"start":{"line":14,"column":4},"end":{"line":14,"column":30}},"7":{"start":{"line":16,"column":4},"end":{"line":20,"column":5}},"8":{"start":{"line":17,"column":6},"end":{"line":17,"column":25}},"9":{"start":{"line":19,"column":6},"end":{"line":19,"column":54}},"10":{"start":{"line":24,"column":0},"end":{"line":24,"column":26}}},"fnMap":{"0":{"name":"(anonymous_0)","decl":{"start":{"line":2,"column":2},"end":{"line":2,"column":3}},"loc":{"start":{"line":7,"column":4},"end":{"line":21,"column":3}},"line":7}},"branchMap":{"0":{"loc":{"start":{"line":4,"column":4},"end":{"line":4,"column":36}},"type":"default-arg","locations":[{"start":{"line":4,"column":14},"end":{"line":4,"column":36}}],"line":4},"1":{"loc":{"start":{"line":5,"column":4},"end":{"line":5,"column":15}},"type":"default-arg","locations":[{"start":{"line":5,"column":13},"end":{"line":5,"column":15}}],"line":5},"2":{"loc":{"start":{"line":6,"column":4},"end":{"line":6,"column":14}},"type":"default-arg","locations":[{"start":{"line":6,"column":12},"end":{"line":6,"column":14}}],"line":6},"3":{"loc":{"start":{"line":16,"column":4},"end":{"line":20,"column":5}},"type":"if","locations":[{"start":{"line":16,"column":4},"end":{"line":20,"column":5}},{"start":{"line":18,"column":11},"end":{"line":20,"column":5}}],"line":16}},"s":{"0":13,"1":13,"2":13,"3":13,"4":13,"5":13,"6":13,"7":13,"8":4,"9":9,"10":3},"f":{"0":13},"b":{"0":[0],"1":[8],"2":[9],"3":[4,9]},"_coverageSchema":"1a1c01bbd47fc00a2c39e90264f33305004495a9","hash":"3fa1eafa023a817ebb9a73ba45208a96eb9b870f"}
,"X:\\Learning\\Web Dev\\Projects\\ai-task-manager-backend\\src\\utils\\ApiResponse.js": {"path":"X:\\Learning\\Web Dev\\Projects\\ai-task-manager-backend\\src\\utils\\ApiResponse.js","statementMap":{"0":{"start":{"line":3,"column":4},"end":{"line":3,"column":33}},"1":{"start":{"line":4,"column":4},"end":{"line":4,"column":21}},"2":{"start":{"line":5,"column":4},"end":{"line":5,"column":27}},"3":{"start":{"line":6,"column":4},"end":{"line":6,"column":36}},"4":{"start":{"line":10,"column":0},"end":{"line":10,"column":29}}},"fnMap":{"0":{"name":"(anonymous_0)","decl":{"start":{"line":2,"column":2},"end":{"line":2,"column":3}},"loc":{"start":{"line":2,"column":53},"end":{"line":7,"column":3}},"line":2}},"branchMap":{"0":{"loc":{"start":{"line":2,"column":32},"end":{"line":2,"column":51}},"type":"default-arg","locations":[{"start":{"line":2,"column":42},"end":{"line":2,"column":51}}],"line":2}},"s":{"0":7,"1":7,"2":7,"3":7,"4":2},"f":{"0":7},"b":{"0":[0]},"_coverageSchema":"1a1c01bbd47fc00a2c39e90264f33305004495a9","hash":"567d60cd0588ce97f3d499ca03499ab5c1ef74c1"}
,"X:\\Learning\\Web Dev\\Projects\\ai-task-manager-backend\\src\\utils\\aiHelper.js": {"path":"X:\\Learning\\Web Dev\\Projects\\ai-task-manager-backend\\src\\utils\\aiHelper.js","statementMap":{"0":{"start":{"line":1,"column":15},"end":{"line":1,"column":34}},"1":{"start":{"line":7,"column":2},"end":{"line":47,"column":3}},"2":{"start":{"line":8,"column":20},"end":{"line":8,"column":46}},"3":{"start":{"line":9,"column":18},"end":{"line":9,"column":36}},"4":{"start":{"line":10,"column":20},"end":{"line":10,"column":117}},"5":{"start":{"line":12,"column":21},"end":{"line":29,"column":6}},"6":{"start":{"line":31,"column":4},"end":{"line":34,"column":5}},"7":{"start":{"line":32,"column":24},"end":{"line":32,"column":45}},"8":{"start":{"line":33,"column":6},"end":{"line":33,"column":72}},"9":{"start":{"line":36,"column":17},"end":{"line":36,"column":38}},"10":{"start":{"line":39,"column":24},"end":{"line":39,"column":64}},"11":{"start":{"line":43,"column":4},"end":{"line":43,"column":35}},"12":{"start":{"line":45,"column":4},"end":{"line":45,"column":63}},"13":{"start":{"line":46,"column":4},"end":{"line":46,"column":95}},"14":{"start":{"line":54,"column":23},"end":{"line":56,"column":87}},"15":{"start":{"line":58,"column":21},"end":{"line":58,"column":130}},"16":{"start":{"line":60,"column":2},"end":{"line":60,"column":64}},"17":{"start":{"line":67,"column":23},"end":{"line":69,"column":159}},"18":{"start":{"line":71,"column":21},"end":{"line":71,"column":72}},"19":{"start":{"line":73,"column":2},"end":{"line":73,"column":64}},"20":{"start":{"line":80,"column":23},"end":{"line":82,"column":196}},"21":{"start":{"line":84,"column":21},"end":{"line":84,"column":169}},"22":{"start":{"line":86,"column":2},"end":{"line":86,"column":64}},"23":{"start":{"line":93,"column":23},"end":{"line":95,"column":177}},"24":{"start":{"line":97,"column":21},"end":{"line":97,"column":94}},"25":{"start":{"line":99,"column":2},"end":{"line":99,"column":64}},"26":{"start":{"line":102,"column":0},"end":{"line":107,"column":2}}},"fnMap":{"0":{"name":"callGeminiAndParseJSON","decl":{"start":{"line":6,"column":15},"end":{"line":6,"column":37}},"loc":{"start":{"line":6,"column":64},"end":{"line":48,"column":1}},"line":6},"1":{"name":"generateSubtasks","decl":{"start":{"line":53,"column":15},"end":{"line":53,"column":31}},"loc":{"start":{"line":53,"column":49},"end":{"line":61,"column":1}},"line":53},"2":{"name":"analyzeCode","decl":{"start":{"line":66,"column":15},"end":{"line":66,"column":26}},"loc":{"start":{"line":66,"column":43},"end":{"line":74,"column":1}},"line":66},"3":{"name":"suggestPriority","decl":{"start":{"line":79,"column":15},"end":{"line":79,"column":30}},"loc":{"start":{"line":79,"column":67},"end":{"line":87,"column":1}},"line":79},"4":{"name":"parseMeetingNotes","decl":{"start":{"line":92,"column":15},"end":{"line":92,"column":32}},"loc":{"start":{"line":92,"column":40},"end":{"line":100,"column":1}},"line":92}},"branchMap":{"0":{"loc":{"start":{"line":31,"column":4},"end":{"line":34,"column":5}},"type":"if","locations":[{"start":{"line":31,"column":4},"end":{"line":34,"column":5}},{"start":{},"end":{}}],"line":31}},"s":{"0":2,"1":0,"2":0,"3":0,"4":0,"5":0,"6":0,"7":0,"8":0,"9":0,"10":0,"11":0,"12":0,"13":0,"14":0,"15":0,"16":0,"17":0,"18":0,"19":0,"20":0,"21":0,"22":0,"23":0,"24":0,"25":0,"26":2},"f":{"0":0,"1":0,"2":0,"3":0,"4":0},"b":{"0":[0,0]},"_coverageSchema":"1a1c01bbd47fc00a2c39e90264f33305004495a9","hash":"d525d45dabff29fc4ca87f8e83519a6924c1f0aa"}
,"X:\\Learning\\Web Dev\\Projects\\ai-task-manager-backend\\src\\utils\\logger.js": {"path":"X:\\Learning\\Web Dev\\Projects\\ai-task-manager-backend\\src\\utils\\logger.js","statementMap":{"0":{"start":{"line":1,"column":16},"end":{"line":1,"column":34}},"1":{"start":{"line":2,"column":13},"end":{"line":2,"column":28}},"2":{"start":{"line":4,"column":57},"end":{"line":4,"column":71}},"3":{"start":{"line":7,"column":18},"end":{"line":9,"column":2}},"4":{"start":{"line":8,"column":2},"end":{"line":8,"column":54}},"5":{"start":{"line":11,"column":15},"end":{"line":27,"column":2}},"6":{"start":{"line":30,"column":0},"end":{"line":38,"column":1}},"7":{"start":{"line":31,"column":2},"end":{"line":37,"column":6}},"8":{"start":{"line":40,"column":0},"end":{"line":40,"column":24}}},"fnMap":{"0":{"name":"(anonymous_0)","decl":{"start":{"line":7,"column":25},"end":{"line":7,"column":26}},"loc":{"start":{"line":7,"column":67},"end":{"line":9,"column":1}},"line":7}},"branchMap":{"0":{"loc":{"start":{"line":8,"column":35},"end":{"line":8,"column":51}},"type":"binary-expr","locations":[{"start":{"line":8,"column":35},"end":{"line":8,"column":40}},{"start":{"line":8,"column":44},"end":{"line":8,"column":51}}],"line":8},"1":{"loc":{"start":{"line":12,"column":9},"end":{"line":12,"column":66}},"type":"cond-expr","locations":[{"start":{"line":12,"column":50},"end":{"line":12,"column":57}},{"start":{"line":12,"column":60},"end":{"line":12,"column":66}}],"line":12},"2":{"loc":{"start":{"line":30,"column":0},"end":{"line":38,"column":1}},"type":"if","locations":[{"start":{"line":30,"column":0},"end":{"line":38,"column":1}},{"start":{},"end":{}}],"line":30}},"s":{"0":2,"1":2,"2":2,"3":2,"4":14,"5":2,"6":2,"7":2,"8":2},"f":{"0":14},"b":{"0":[14,0],"1":[0,2],"2":[2,0]},"_coverageSchema":"1a1c01bbd47fc00a2c39e90264f33305004495a9","hash":"6728b69ac4dbaec211198f535adad6618a303244"}
,"X:\\Learning\\Web Dev\\Projects\\ai-task-manager-backend\\src\\validators\\ai.validator.js": {"path":"X:\\Learning\\Web Dev\\Projects\\ai-task-manager-backend\\src\\validators\\ai.validator.js","statementMap":{"0":{"start":{"line":1,"column":14},"end":{"line":1,"column":28}},"1":{"start":{"line":3,"column":27},"end":{"line":5,"column":2}},"2":{"start":{"line":7,"column":27},"end":{"line":10,"column":2}},"3":{"start":{"line":12,"column":0},"end":{"line":15,"column":2}}},"fnMap":{},"branchMap":{},"s":{"0":2,"1":2,"2":2,"3":2},"f":{},"b":{},"_coverageSchema":"1a1c01bbd47fc00a2c39e90264f33305004495a9","hash":"042147e02ab7389a92de83469bcfafa06b5e8b2d"}
,"X:\\Learning\\Web Dev\\Projects\\ai-task-manager-backend\\src\\validators\\auth.validator.js": {"path":"X:\\Learning\\Web Dev\\Projects\\ai-task-manager-backend\\src\\validators\\auth.validator.js","statementMap":{"0":{"start":{"line":1,"column":14},"end":{"line":1,"column":28}},"1":{"start":{"line":3,"column":23},"end":{"line":11,"column":2}},"2":{"start":{"line":13,"column":20},"end":{"line":16,"column":2}},"3":{"start":{"line":18,"column":0},"end":{"line":21,"column":2}}},"fnMap":{},"branchMap":{},"s":{"0":2,"1":2,"2":2,"3":2},"f":{},"b":{},"_coverageSchema":"1a1c01bbd47fc00a2c39e90264f33305004495a9","hash":"f29283d61f453a5341ae40422a052cce3b578af5"}
,"X:\\Learning\\Web Dev\\Projects\\ai-task-manager-backend\\src\\validators\\project.validator.js": {"path":"X:\\Learning\\Web Dev\\Projects\\ai-task-manager-backend\\src\\validators\\project.validator.js","statementMap":{"0":{"start":{"line":1,"column":14},"end":{"line":1,"column":28}},"1":{"start":{"line":3,"column":28},"end":{"line":10,"column":2}},"2":{"start":{"line":12,"column":0},"end":{"line":14,"column":2}}},"fnMap":{},"branchMap":{},"s":{"0":2,"1":2,"2":2},"f":{},"b":{},"_coverageSchema":"1a1c01bbd47fc00a2c39e90264f33305004495a9","hash":"ecc8513e1b3f40657391736b1ed699d7c01798fa"}
,"X:\\Learning\\Web Dev\\Projects\\ai-task-manager-backend\\src\\validators\\task.validator.js": {"path":"X:\\Learning\\Web Dev\\Projects\\ai-task-manager-backend\\src\\validators\\task.validator.js","statementMap":{"0":{"start":{"line":1,"column":14},"end":{"line":1,"column":28}},"1":{"start":{"line":3,"column":22},"end":{"line":3,"column":41}},"2":{"start":{"line":5,"column":25},"end":{"line":14,"column":2}},"3":{"start":{"line":16,"column":25},"end":{"line":25,"column":2}},"4":{"start":{"line":27,"column":0},"end":{"line":30,"column":2}}},"fnMap":{},"branchMap":{},"s":{"0":2,"1":2,"2":2,"3":2,"4":2},"f":{},"b":{},"_coverageSchema":"1a1c01bbd47fc00a2c39e90264f33305004495a9","hash":"201e78a513e4b452287186a0887c77e791a4f792"}
}
