TN:
SF:src\server.js
FN:30,(anonymous_0)
FN:65,(anonymous_1)
FN:74,(anonymous_2)
FN:77,(anonymous_3)
FN:85,(anonymous_4)
FNF:5
FNH:0
FNDA:0,(anonymous_0)
FNDA:0,(anonymous_1)
FNDA:0,(anonymous_2)
FNDA:0,(anonymous_3)
FNDA:0,(anonymous_4)
DA:1,2
DA:2,2
DA:3,2
DA:4,2
DA:5,2
DA:6,2
DA:8,2
DA:9,0
DA:10,0
DA:14,2
DA:15,2
DA:18,2
DA:26,2
DA:29,2
DA:30,2
DA:32,0
DA:33,0
DA:34,0
DA:37,0
DA:38,0
DA:39,0
DA:40,0
DA:42,0
DA:47,2
DA:48,2
DA:49,2
DA:50,2
DA:51,2
DA:54,2
DA:55,2
DA:56,2
DA:59,2
DA:60,2
DA:61,2
DA:62,2
DA:65,2
DA:66,0
DA:70,2
DA:71,2
DA:74,2
DA:75,0
DA:77,0
DA:78,0
DA:82,2
DA:84,2
DA:85,0
DA:86,0
DA:90,2
LF:48
LH:32
BRDA:8,0,0,0
BRDA:8,0,1,2
BRDA:33,1,0,0
BRDA:33,1,1,0
BRDA:84,2,0,0
BRDA:84,2,1,2
BRF:6
BRH:2
end_of_record
TN:
SF:src\config\env.js
FNF:0
FNH:0
DA:1,2
DA:4,2
DA:6,2
DA:13,2
LF:4
LH:4
BRDA:7,0,0,2
BRDA:7,0,1,0
BRDA:8,1,0,2
BRDA:8,1,1,0
BRF:4
BRH:2
end_of_record
TN:
SF:src\controllers\aiController.js
FN:8,(anonymous_0)
FN:20,(anonymous_1)
FN:45,(anonymous_2)
FN:64,(anonymous_3)
FN:94,(anonymous_4)
FN:106,(anonymous_5)
FNF:6
FNH:0
FNDA:0,(anonymous_0)
FNDA:0,(anonymous_1)
FNDA:0,(anonymous_2)
FNDA:0,(anonymous_3)
FNDA:0,(anonymous_4)
FNDA:0,(anonymous_5)
DA:1,2
DA:2,2
DA:3,2
DA:8,2
DA:9,0
DA:10,0
DA:11,0
DA:12,0
DA:16,0
DA:17,0
DA:20,0
DA:30,0
DA:33,0
DA:34,0
DA:36,0
DA:38,0
DA:45,2
DA:46,0
DA:47,0
DA:49,0
DA:50,0
DA:53,0
DA:55,0
DA:57,0
DA:64,2
DA:65,0
DA:67,0
DA:68,0
DA:69,0
DA:72,0
DA:75,0
DA:78,0
DA:83,0
DA:85,0
DA:87,0
DA:94,2
DA:95,0
DA:96,0
DA:98,0
DA:99,0
DA:103,0
DA:106,0
DA:116,0
DA:118,0
DA:120,0
DA:124,2
LF:46
LH:8
BRDA:11,0,0,0
BRDA:11,0,1,0
BRDA:16,1,0,0
BRDA:16,1,1,0
BRDA:49,2,0,0
BRDA:49,2,1,0
BRDA:49,3,0,0
BRDA:49,3,1,0
BRDA:68,4,0,0
BRDA:68,4,1,0
BRDA:72,5,0,0
BRDA:72,5,1,0
BRDA:75,6,0,0
BRDA:75,6,1,0
BRDA:98,7,0,0
BRDA:98,7,1,0
BRDA:108,8,0,0
BRDA:108,8,1,0
BRDA:110,9,0,0
BRDA:110,9,1,0
BRF:20
BRH:0
end_of_record
TN:
SF:src\controllers\authController.js
FN:8,(anonymous_0)
FN:14,(anonymous_1)
FN:18,(anonymous_2)
FN:22,(anonymous_3)
FN:32,(anonymous_4)
FN:34,(anonymous_5)
FN:40,(anonymous_6)
FN:89,(anonymous_7)
FN:137,(anonymous_8)
FN:169,(anonymous_9)
FN:176,(anonymous_10)
FN:190,(anonymous_11)
FNF:12
FNH:11
FNDA:22,(anonymous_0)
FNDA:21,(anonymous_1)
FNDA:24,(anonymous_2)
FNDA:21,(anonymous_3)
FNDA:1,(anonymous_4)
FNDA:1,(anonymous_5)
FNDA:21,(anonymous_6)
FNDA:3,(anonymous_7)
FNDA:3,(anonymous_8)
FNDA:1,(anonymous_9)
FNDA:1,(anonymous_10)
FNDA:0,(anonymous_11)
DA:1,2
DA:2,2
DA:3,2
DA:4,2
DA:5,2
DA:8,2
DA:9,22
DA:14,2
DA:15,21
DA:18,2
DA:19,24
DA:22,2
DA:23,21
DA:32,2
DA:33,1
DA:34,1
DA:40,2
DA:41,21
DA:42,21
DA:45,21
DA:46,21
DA:47,1
DA:51,20
DA:52,20
DA:55,20
DA:63,20
DA:64,20
DA:67,20
DA:68,20
DA:71,20
DA:73,20
DA:82,0
DA:89,2
DA:90,3
DA:91,3
DA:94,3
DA:96,3
DA:97,1
DA:101,2
DA:103,2
DA:104,1
DA:108,1
DA:111,1
DA:112,1
DA:115,1
DA:116,1
DA:119,1
DA:121,1
DA:130,0
DA:137,2
DA:138,3
DA:140,3
DA:142,3
DA:143,1
DA:146,2
DA:149,2
DA:151,2
DA:152,1
DA:156,1
DA:158,1
DA:162,0
DA:169,2
DA:170,1
DA:171,1
DA:173,1
DA:174,1
DA:176,1
DA:177,1
DA:180,1
DA:181,1
DA:183,0
DA:190,2
DA:191,0
DA:192,0
DA:193,0
DA:195,0
DA:196,0
DA:198,0
DA:202,2
LF:79
LH:69
BRDA:46,0,0,1
BRDA:46,0,1,20
BRDA:96,1,0,1
BRDA:96,1,1,2
BRDA:103,2,0,1
BRDA:103,2,1,1
BRDA:140,3,0,3
BRDA:140,3,1,1
BRDA:142,4,0,1
BRDA:142,4,1,2
BRDA:151,5,0,1
BRDA:151,5,1,1
BRDA:171,6,0,1
BRDA:171,6,1,0
BRDA:173,7,0,1
BRDA:173,7,1,0
BRF:16
BRH:14
end_of_record
TN:
SF:src\controllers\projectController.js
FN:6,(anonymous_0)
FN:29,(anonymous_1)
FN:44,(anonymous_2)
FN:65,(anonymous_3)
FN:88,(anonymous_4)
FNF:5
FNH:1
FNDA:9,(anonymous_0)
FNDA:0,(anonymous_1)
FNDA:0,(anonymous_2)
FNDA:0,(anonymous_3)
FNDA:0,(anonymous_4)
DA:1,2
DA:6,2
DA:7,9
DA:8,9
DA:10,9
DA:20,9
DA:22,0
DA:29,2
DA:30,0
DA:31,0
DA:35,0
DA:37,0
DA:44,2
DA:45,0
DA:46,0
DA:52,0
DA:53,0
DA:56,0
DA:58,0
DA:65,2
DA:66,0
DA:67,0
DA:69,0
DA:70,0
DA:73,0
DA:79,0
DA:81,0
DA:88,2
DA:89,0
DA:90,0
DA:92,0
DA:93,0
DA:96,0
DA:98,0
DA:100,0
DA:104,2
LF:36
LH:11
BRDA:52,0,0,0
BRDA:52,0,1,0
BRDA:69,1,0,0
BRDA:69,1,1,0
BRDA:92,2,0,0
BRDA:92,2,1,0
BRF:6
BRH:0
end_of_record
TN:
SF:src\controllers\taskController.js
FN:7,(anonymous_0)
FN:43,(anonymous_1)
FN:68,(anonymous_2)
FN:88,(anonymous_3)
FN:118,(anonymous_4)
FNF:5
FNH:4
FNDA:7,(anonymous_0)
FNDA:1,(anonymous_1)
FNDA:0,(anonymous_2)
FNDA:2,(anonymous_3)
FNDA:2,(anonymous_4)
DA:1,2
DA:2,2
DA:7,2
DA:9,7
DA:10,7
DA:11,0
DA:14,7
DA:15,7
DA:18,7
DA:31,7
DA:32,7
DA:34,7
DA:36,0
DA:43,2
DA:44,1
DA:45,1
DA:48,1
DA:49,1
DA:50,1
DA:51,1
DA:54,1
DA:59,1
DA:61,0
DA:68,2
DA:69,0
DA:70,0
DA:75,0
DA:76,0
DA:79,0
DA:81,0
DA:88,2
DA:89,2
DA:90,2
DA:92,2
DA:93,0
DA:97,2
DA:104,2
DA:105,2
DA:106,2
DA:109,2
DA:111,0
DA:118,2
DA:119,2
DA:120,2
DA:122,2
DA:123,1
DA:126,1
DA:128,1
DA:130,0
DA:134,2
LF:50
LH:38
BRDA:10,0,0,0
BRDA:10,0,1,7
BRDA:49,1,0,0
BRDA:49,1,1,1
BRDA:50,2,0,0
BRDA:50,2,1,1
BRDA:51,3,0,0
BRDA:51,3,1,1
BRDA:75,4,0,0
BRDA:75,4,1,0
BRDA:92,5,0,0
BRDA:92,5,1,2
BRDA:104,6,0,2
BRDA:104,6,1,0
BRDA:122,7,0,1
BRDA:122,7,1,1
BRF:16
BRH:8
end_of_record
TN:
SF:src\middlewares\auth.js
FN:6,(anonymous_0)
FNF:1
FNH:1
FNDA:26,(anonymous_0)
DA:1,2
DA:2,2
DA:3,2
DA:4,2
DA:6,2
DA:7,26
DA:11,26
DA:13,24
DA:16,26
DA:17,2
DA:21,24
DA:24,24
DA:26,24
DA:27,0
DA:31,24
DA:33,0
DA:34,0
DA:38,2
LF:18
LH:15
BRDA:11,0,0,24
BRDA:11,0,1,2
BRDA:11,1,0,26
BRDA:11,1,1,24
BRDA:16,2,0,2
BRDA:16,2,1,24
BRDA:26,3,0,0
BRDA:26,3,1,24
BRF:8
BRH:7
end_of_record
TN:
SF:src\middlewares\error.js
FN:5,(anonymous_0)
FN:29,(anonymous_1)
FN:35,(anonymous_2)
FNF:3
FNH:1
FNDA:11,(anonymous_0)
FNDA:0,(anonymous_1)
FNDA:0,(anonymous_2)
DA:1,2
DA:2,2
DA:3,2
DA:5,2
DA:6,11
DA:9,11
DA:10,4
DA:11,4
DA:12,4
DA:16,11
DA:17,0
DA:18,0
DA:22,11
DA:23,0
DA:24,0
DA:28,11
DA:29,0
DA:30,0
DA:34,11
DA:35,4
DA:36,0
DA:40,7
DA:43,7
DA:49,7
DA:52,2
LF:25
LH:18
BRDA:9,0,0,4
BRDA:9,0,1,7
BRDA:10,1,0,4
BRDA:10,1,1,4
BRDA:11,2,0,4
BRDA:11,2,1,0
BRDA:16,3,0,0
BRDA:16,3,1,11
BRDA:22,4,0,0
BRDA:22,4,1,11
BRDA:28,5,0,0
BRDA:28,5,1,11
BRDA:34,6,0,4
BRDA:34,6,1,7
BRDA:46,7,0,0
BRDA:46,7,1,7
BRF:16
BRH:11
end_of_record
TN:
SF:src\middlewares\rateLimiter.js
FNF:0
FNH:0
DA:1,2
DA:4,2
DA:13,2
DA:21,2
LF:4
LH:4
BRF:0
BRH:0
end_of_record
TN:
SF:src\middlewares\validate.js
FN:1,(anonymous_0)
FN:1,(anonymous_1)
FNF:2
FNH:2
FNDA:14,(anonymous_0)
FNDA:46,(anonymous_1)
DA:1,14
DA:2,46
DA:3,46
DA:4,42
DA:6,4
DA:10,2
LF:6
LH:6
BRF:0
BRH:0
end_of_record
TN:
SF:src\models\Project.js
FNF:0
FNH:0
DA:1,2
DA:3,2
DA:38,2
DA:45,2
LF:4
LH:4
BRF:0
BRH:0
end_of_record
TN:
SF:src\models\Task.js
FNF:0
FNH:0
DA:1,2
DA:3,2
DA:57,2
LF:3
LH:3
BRF:0
BRH:0
end_of_record
TN:
SF:src\models\User.js
FNF:0
FNH:0
DA:1,2
DA:3,2
DA:41,2
LF:3
LH:3
BRF:0
BRH:0
end_of_record
TN:
SF:src\routes\ai.js
FNF:0
FNH:0
DA:1,2
DA:2,2
DA:3,2
DA:9,2
DA:11,2
DA:12,2
DA:15,2
DA:18,2
DA:19,2
DA:22,2
DA:23,2
DA:25,2
LF:12
LH:12
BRF:0
BRH:0
end_of_record
TN:
SF:src\routes\auth.js
FNF:0
FNH:0
DA:1,2
DA:2,2
DA:3,2
DA:5,2
DA:6,2
DA:7,2
DA:10,2
DA:11,2
DA:12,2
DA:15,2
DA:16,2
DA:17,2
DA:19,2
LF:13
LH:13
BRF:0
BRH:0
end_of_record
TN:
SF:src\routes\projects.js
FNF:0
FNH:0
DA:1,2
DA:2,2
DA:3,2
DA:10,2
DA:12,2
DA:13,2
DA:16,2
DA:18,2
DA:22,2
DA:27,2
LF:10
LH:10
BRF:0
BRH:0
end_of_record
TN:
SF:src\routes\tasks.js
FNF:0
FNH:0
DA:1,2
DA:2,2
DA:3,2
DA:4,2
DA:5,2
DA:12,2
DA:15,2
DA:19,2
DA:29,2
DA:34,2
LF:10
LH:10
BRF:0
BRH:0
end_of_record
TN:
SF:src\utils\ApiError.js
FN:2,(anonymous_0)
FNF:1
FNH:1
FNDA:13,(anonymous_0)
DA:8,13
DA:9,13
DA:10,13
DA:11,13
DA:12,13
DA:13,13
DA:14,13
DA:16,13
DA:17,4
DA:19,9
DA:24,3
LF:11
LH:11
BRDA:4,0,0,0
BRDA:5,1,0,8
BRDA:6,2,0,9
BRDA:16,3,0,4
BRDA:16,3,1,9
BRF:5
BRH:4
end_of_record
TN:
SF:src\utils\ApiResponse.js
FN:2,(anonymous_0)
FNF:1
FNH:1
FNDA:7,(anonymous_0)
DA:3,7
DA:4,7
DA:5,7
DA:6,7
DA:10,2
LF:5
LH:5
BRDA:2,0,0,0
BRF:1
BRH:0
end_of_record
TN:
SF:src\utils\aiHelper.js
FN:6,callGeminiAndParseJSON
FN:53,generateSubtasks
FN:66,analyzeCode
FN:79,suggestPriority
FN:92,parseMeetingNotes
FNF:5
FNH:0
FNDA:0,callGeminiAndParseJSON
FNDA:0,generateSubtasks
FNDA:0,analyzeCode
FNDA:0,suggestPriority
FNDA:0,parseMeetingNotes
DA:1,2
DA:7,0
DA:8,0
DA:9,0
DA:10,0
DA:12,0
DA:31,0
DA:32,0
DA:33,0
DA:36,0
DA:39,0
DA:43,0
DA:45,0
DA:46,0
DA:54,0
DA:58,0
DA:60,0
DA:67,0
DA:71,0
DA:73,0
DA:80,0
DA:84,0
DA:86,0
DA:93,0
DA:97,0
DA:99,0
DA:102,2
LF:27
LH:2
BRDA:31,0,0,0
BRDA:31,0,1,0
BRF:2
BRH:0
end_of_record
TN:
SF:src\utils\logger.js
FN:7,(anonymous_0)
FNF:1
FNH:1
FNDA:14,(anonymous_0)
DA:1,2
DA:2,2
DA:4,2
DA:7,2
DA:8,14
DA:11,2
DA:30,2
DA:31,2
DA:40,2
LF:9
LH:9
BRDA:8,0,0,14
BRDA:8,0,1,0
BRDA:12,1,0,0
BRDA:12,1,1,2
BRDA:30,2,0,2
BRDA:30,2,1,0
BRF:6
BRH:3
end_of_record
TN:
SF:src\validators\ai.validator.js
FNF:0
FNH:0
DA:1,2
DA:3,2
DA:7,2
DA:12,2
LF:4
LH:4
BRF:0
BRH:0
end_of_record
TN:
SF:src\validators\auth.validator.js
FNF:0
FNH:0
DA:1,2
DA:3,2
DA:13,2
DA:18,2
LF:4
LH:4
BRF:0
BRH:0
end_of_record
TN:
SF:src\validators\project.validator.js
FNF:0
FNH:0
DA:1,2
DA:3,2
DA:12,2
LF:3
LH:3
BRF:0
BRH:0
end_of_record
TN:
SF:src\validators\task.validator.js
FNF:0
FNH:0
DA:1,2
DA:3,2
DA:5,2
DA:16,2
DA:27,2
LF:5
LH:5
BRF:0
BRH:0
end_of_record
